<?xml version="1.0" encoding="UTF-8"?>
<!-- Generated by org.testng.reporters.JUnitXMLReporter -->
<testsuite hostname="LAPTOP-37AS5QC9" ignored="0" name="Default test" tests="3" failures="0" timestamp="11 May 2021 05:05:25 GMT" time="4.184" errors="0">
  <testcase name="testcase1" time="2.824" classname="RestAssured.datadrivenapproachAssignment"/>
  <testcase name="testcase1" time="0.056" classname="RestAssured.datadrivenapproachAssignment"/>
  <testcase name="testcase1" time="0.102" classname="RestAssured.datadrivenapproachAssignment"/>
</testsuite> <!-- Default test -->
