<?xml version="1.0" encoding="UTF-8"?>
<testng-results skipped="0" failed="0" ignored="0" total="3" passed="3">
  <reporter-output>
  </reporter-output>
  <suite name="Default suite" duration-ms="4184" started-at="2021-05-11T05:05:21Z" finished-at="2021-05-11T05:05:25Z">
    <groups>
    </groups>
    <test name="Default test" duration-ms="4184" started-at="2021-05-11T05:05:21Z" finished-at="2021-05-11T05:05:25Z">
      <class name="RestAssured.datadrivenapproachAssignment">
        <test-method status="PASS" signature="testcase1(java.lang.String, java.lang.String, java.lang.String)[pri:0, instance:RestAssured.datadrivenapproachAssignment@163e4e87]" name="testcase1" duration-ms="2824" started-at="2021-05-11T05:05:22Z" data-provider="PostRequestdata" finished-at="2021-05-11T05:05:25Z">
          <params>
            <param index="0">
              <value>
                <![CDATA[Lalithya]]>
              </value>
            </param>
            <param index="1">
              <value>
                <![CDATA[Rayachoti]]>
              </value>
            </param>
            <param index="2">
              <value>
                <![CDATA[CSE]]>
              </value>
            </param>
          </params>
          <reporter-output>
          </reporter-output>
        </test-method> <!-- testcase1 -->
        <test-method status="PASS" signature="testcase1(java.lang.String, java.lang.String, java.lang.String)[pri:0, instance:RestAssured.datadrivenapproachAssignment@163e4e87]" name="testcase1" duration-ms="56" started-at="2021-05-11T05:05:25Z" data-provider="PostRequestdata" finished-at="2021-05-11T05:05:25Z">
          <params>
            <param index="0">
              <value>
                <![CDATA[Prathyusha]]>
              </value>
            </param>
            <param index="1">
              <value>
                <![CDATA[voleti]]>
              </value>
            </param>
            <param index="2">
              <value>
                <![CDATA[ECE]]>
              </value>
            </param>
          </params>
          <reporter-output>
          </reporter-output>
        </test-method> <!-- testcase1 -->
        <test-method status="PASS" signature="testcase1(java.lang.String, java.lang.String, java.lang.String)[pri:0, instance:RestAssured.datadrivenapproachAssignment@163e4e87]" name="testcase1" duration-ms="102" started-at="2021-05-11T05:05:25Z" data-provider="PostRequestdata" finished-at="2021-05-11T05:05:25Z">
          <params>
            <param index="0">
              <value>
                <![CDATA[Maneesha]]>
              </value>
            </param>
            <param index="1">
              <value>
                <![CDATA[Reddy]]>
              </value>
            </param>
            <param index="2">
              <value>
                <![CDATA[Civil]]>
              </value>
            </param>
          </params>
          <reporter-output>
          </reporter-output>
        </test-method> <!-- testcase1 -->
      </class> <!-- RestAssured.datadrivenapproachAssignment -->
    </test> <!-- Default test -->
  </suite> <!-- Default suite -->
</testng-results>
